27-May-2024 13:32:41.055 INFO [main] org.apache.catalina.startup.VersionLoggerListener.log Server version name:   Apache Tomcat/10.0.23
27-May-2024 13:32:41.061 INFO [main] org.apache.catalina.startup.VersionLoggerListener.log Server built:          Jul 14 2022 08:16:11 UTC
27-May-2024 13:32:41.061 INFO [main] org.apache.catalina.startup.VersionLoggerListener.log Server version number: 10.0.23.0
27-May-2024 13:32:41.061 INFO [main] org.apache.catalina.startup.VersionLoggerListener.log OS Name:               Windows 10
27-May-2024 13:32:41.062 INFO [main] org.apache.catalina.startup.VersionLoggerListener.log OS Version:            10.0
27-May-2024 13:32:41.062 INFO [main] org.apache.catalina.startup.VersionLoggerListener.log Architecture:          amd64
27-May-2024 13:32:41.062 INFO [main] org.apache.catalina.startup.VersionLoggerListener.log Java Home:             C:\Program Files\Java\jdk-18
27-May-2024 13:32:41.062 INFO [main] org.apache.catalina.startup.VersionLoggerListener.log JVM Version:           18+36-2087
27-May-2024 13:32:41.062 INFO [main] org.apache.catalina.startup.VersionLoggerListener.log JVM Vendor:            Oracle Corporation
27-May-2024 13:32:41.062 INFO [main] org.apache.catalina.startup.VersionLoggerListener.log CATALINA_BASE:         C:\Users\Chidera\Documents\GitHub\FrequentFlierDB\apache-tomcat-10.0.23 (Server)
27-May-2024 13:32:41.062 INFO [main] org.apache.catalina.startup.VersionLoggerListener.log CATALINA_HOME:         C:\Users\Chidera\Documents\GitHub\FrequentFlierDB\apache-tomcat-10.0.23 (Server)
27-May-2024 13:32:41.086 INFO [main] org.apache.catalina.startup.VersionLoggerListener.log Command line argument: --add-opens=java.base/java.lang=ALL-UNNAMED
27-May-2024 13:32:41.086 INFO [main] org.apache.catalina.startup.VersionLoggerListener.log Command line argument: --add-opens=java.base/java.io=ALL-UNNAMED
27-May-2024 13:32:41.087 INFO [main] org.apache.catalina.startup.VersionLoggerListener.log Command line argument: --add-opens=java.base/java.util=ALL-UNNAMED
27-May-2024 13:32:41.087 INFO [main] org.apache.catalina.startup.VersionLoggerListener.log Command line argument: --add-opens=java.base/java.util.concurrent=ALL-UNNAMED
27-May-2024 13:32:41.087 INFO [main] org.apache.catalina.startup.VersionLoggerListener.log Command line argument: --add-opens=java.rmi/sun.rmi.transport=ALL-UNNAMED
27-May-2024 13:32:41.088 INFO [main] org.apache.catalina.startup.VersionLoggerListener.log Command line argument: -Djava.util.logging.config.file=C:\Users\Chidera\Documents\GitHub\FrequentFlierDB\apache-tomcat-10.0.23 (Server)\conf\logging.properties
27-May-2024 13:32:41.089 INFO [main] org.apache.catalina.startup.VersionLoggerListener.log Command line argument: -Djava.util.logging.manager=org.apache.juli.ClassLoaderLogManager
27-May-2024 13:32:41.090 INFO [main] org.apache.catalina.startup.VersionLoggerListener.log Command line argument: -Djdk.tls.ephemeralDHKeySize=2048
27-May-2024 13:32:41.090 INFO [main] org.apache.catalina.startup.VersionLoggerListener.log Command line argument: -Djava.protocol.handler.pkgs=org.apache.catalina.webresources
27-May-2024 13:32:41.090 INFO [main] org.apache.catalina.startup.VersionLoggerListener.log Command line argument: -Dignore.endorsed.dirs=
27-May-2024 13:32:41.091 INFO [main] org.apache.catalina.startup.VersionLoggerListener.log Command line argument: -Dcatalina.base=C:\Users\Chidera\Documents\GitHub\FrequentFlierDB\apache-tomcat-10.0.23 (Server)
27-May-2024 13:32:41.091 INFO [main] org.apache.catalina.startup.VersionLoggerListener.log Command line argument: -Dcatalina.home=C:\Users\Chidera\Documents\GitHub\FrequentFlierDB\apache-tomcat-10.0.23 (Server)
27-May-2024 13:32:41.091 INFO [main] org.apache.catalina.startup.VersionLoggerListener.log Command line argument: -Djava.io.tmpdir=C:\Users\Chidera\Documents\GitHub\FrequentFlierDB\apache-tomcat-10.0.23 (Server)\temp
27-May-2024 13:32:41.132 INFO [main] org.apache.catalina.core.AprLifecycleListener.lifecycleEvent The Apache Tomcat Native library which allows using OpenSSL was not found on the java.library.path: [C:\Program Files\Java\jdk-18\bin;C:\Windows\Sun\Java\bin;C:\Windows\system32;C:\Windows;C:\Program Files\Common Files\Oracle\Java\javapath;C:\Windows\system32;C:\Windows;C:\Windows\System32\Wbem;C:\Windows\System32\WindowsPowerShell\v1.0\;C:\Windows\System32\OpenSSH\;C:\Program Files\NVIDIA Corporation\NVIDIA NvDLISR;C:\Program Files (x86)\NVIDIA Corporation\PhysX\Common;D:\Program Files\nodejs\;C:\Program Files\PuTTY\;C:\Program Files\Microsoft SQL Server\150\Tools\Binn\;C:\Program Files\Microsoft SQL Server\Client SDK\ODBC\170\Tools\Binn\;C:\Program Files\dotnet\;C:\Users\Chidera\AppData\Local\Programs\Python\Python310\Scripts\;C:\Users\Chidera\AppData\Local\Programs\Python\Python310\;C:\Users\Chidera\AppData\Local\Microsoft\WindowsApps;C:\PATH_Programs;C:\Users\Chidera\AppData\Local\GitHubDesktop\bin;C:\Users\Chidera\AppData\Roaming\npm;C:\Users\Chidera\AppData\Local\Programs\Microsoft VS Code\bin;C:\cygwin64\bin;C:\Users\Chidera\.dotnet\tools;C:\Program Files\ISC BIND 9\bin;;.]
27-May-2024 13:32:41.508 INFO [main] org.apache.coyote.AbstractProtocol.init Initializing ProtocolHandler ["http-nio-8080"]
27-May-2024 13:32:41.546 INFO [main] org.apache.catalina.startup.Catalina.load Server initialization in [719] milliseconds
27-May-2024 13:32:41.606 INFO [main] org.apache.catalina.core.StandardService.startInternal Starting service [Catalina]
27-May-2024 13:32:41.607 INFO [main] org.apache.catalina.core.StandardEngine.startInternal Starting Servlet engine: [Apache Tomcat/10.0.23]
27-May-2024 13:32:41.623 INFO [main] org.apache.catalina.startup.HostConfig.deployDirectory Deploying web application directory [C:\Users\Chidera\Documents\GitHub\FrequentFlierDB\apache-tomcat-10.0.23 (Server)\webapps\docs]
27-May-2024 13:32:42.995 INFO [main] org.apache.jasper.servlet.TldScanner.scanJars At least one JAR was scanned for TLDs yet contained no TLDs. Enable debug logging for this logger for a complete list of JARs that were scanned but no TLDs were found in them. Skipping unneeded JARs during scanning can improve startup time and JSP compilation time.
27-May-2024 13:32:43.097 INFO [main] org.apache.catalina.startup.HostConfig.deployDirectory Deployment of web application directory [C:\Users\Chidera\Documents\GitHub\FrequentFlierDB\apache-tomcat-10.0.23 (Server)\webapps\docs] has finished in [1,473] ms
27-May-2024 13:32:43.097 INFO [main] org.apache.catalina.startup.HostConfig.deployDirectory Deploying web application directory [C:\Users\Chidera\Documents\GitHub\FrequentFlierDB\apache-tomcat-10.0.23 (Server)\webapps\examples]
27-May-2024 13:32:45.582 INFO [main] org.apache.jasper.servlet.TldScanner.scanJars At least one JAR was scanned for TLDs yet contained no TLDs. Enable debug logging for this logger for a complete list of JARs that were scanned but no TLDs were found in them. Skipping unneeded JARs during scanning can improve startup time and JSP compilation time.
27-May-2024 13:32:45.718 INFO [main] org.apache.catalina.startup.HostConfig.deployDirectory Deployment of web application directory [C:\Users\Chidera\Documents\GitHub\FrequentFlierDB\apache-tomcat-10.0.23 (Server)\webapps\examples] has finished in [2,621] ms
27-May-2024 13:32:45.719 INFO [main] org.apache.catalina.startup.HostConfig.deployDirectory Deploying web application directory [C:\Users\Chidera\Documents\GitHub\FrequentFlierDB\apache-tomcat-10.0.23 (Server)\webapps\firstJSP]
27-May-2024 13:32:46.702 INFO [main] org.apache.jasper.servlet.TldScanner.scanJars At least one JAR was scanned for TLDs yet contained no TLDs. Enable debug logging for this logger for a complete list of JARs that were scanned but no TLDs were found in them. Skipping unneeded JARs during scanning can improve startup time and JSP compilation time.
27-May-2024 13:32:46.716 INFO [main] org.apache.catalina.startup.HostConfig.deployDirectory Deployment of web application directory [C:\Users\Chidera\Documents\GitHub\FrequentFlierDB\apache-tomcat-10.0.23 (Server)\webapps\firstJSP] has finished in [998] ms
27-May-2024 13:32:46.717 INFO [main] org.apache.catalina.startup.HostConfig.deployDirectory Deploying web application directory [C:\Users\Chidera\Documents\GitHub\FrequentFlierDB\apache-tomcat-10.0.23 (Server)\webapps\frequentflier]
27-May-2024 13:32:47.787 INFO [main] org.apache.jasper.servlet.TldScanner.scanJars At least one JAR was scanned for TLDs yet contained no TLDs. Enable debug logging for this logger for a complete list of JARs that were scanned but no TLDs were found in them. Skipping unneeded JARs during scanning can improve startup time and JSP compilation time.
27-May-2024 13:32:47.797 INFO [main] org.apache.catalina.startup.HostConfig.deployDirectory Deployment of web application directory [C:\Users\Chidera\Documents\GitHub\FrequentFlierDB\apache-tomcat-10.0.23 (Server)\webapps\frequentflier] has finished in [1,080] ms
27-May-2024 13:32:47.798 INFO [main] org.apache.catalina.startup.HostConfig.deployDirectory Deploying web application directory [C:\Users\Chidera\Documents\GitHub\FrequentFlierDB\apache-tomcat-10.0.23 (Server)\webapps\host-manager]
27-May-2024 13:32:48.769 INFO [main] org.apache.jasper.servlet.TldScanner.scanJars At least one JAR was scanned for TLDs yet contained no TLDs. Enable debug logging for this logger for a complete list of JARs that were scanned but no TLDs were found in them. Skipping unneeded JARs during scanning can improve startup time and JSP compilation time.
27-May-2024 13:32:48.784 INFO [main] org.apache.catalina.startup.HostConfig.deployDirectory Deployment of web application directory [C:\Users\Chidera\Documents\GitHub\FrequentFlierDB\apache-tomcat-10.0.23 (Server)\webapps\host-manager] has finished in [986] ms
27-May-2024 13:32:48.785 INFO [main] org.apache.catalina.startup.HostConfig.deployDirectory Deploying web application directory [C:\Users\Chidera\Documents\GitHub\FrequentFlierDB\apache-tomcat-10.0.23 (Server)\webapps\manager]
27-May-2024 13:32:49.769 INFO [main] org.apache.jasper.servlet.TldScanner.scanJars At least one JAR was scanned for TLDs yet contained no TLDs. Enable debug logging for this logger for a complete list of JARs that were scanned but no TLDs were found in them. Skipping unneeded JARs during scanning can improve startup time and JSP compilation time.
27-May-2024 13:32:49.777 INFO [main] org.apache.catalina.startup.HostConfig.deployDirectory Deployment of web application directory [C:\Users\Chidera\Documents\GitHub\FrequentFlierDB\apache-tomcat-10.0.23 (Server)\webapps\manager] has finished in [993] ms
27-May-2024 13:32:49.778 INFO [main] org.apache.catalina.startup.HostConfig.deployDirectory Deploying web application directory [C:\Users\Chidera\Documents\GitHub\FrequentFlierDB\apache-tomcat-10.0.23 (Server)\webapps\ROOT]
27-May-2024 13:32:50.720 INFO [main] org.apache.jasper.servlet.TldScanner.scanJars At least one JAR was scanned for TLDs yet contained no TLDs. Enable debug logging for this logger for a complete list of JARs that were scanned but no TLDs were found in them. Skipping unneeded JARs during scanning can improve startup time and JSP compilation time.
27-May-2024 13:32:50.728 INFO [main] org.apache.catalina.startup.HostConfig.deployDirectory Deployment of web application directory [C:\Users\Chidera\Documents\GitHub\FrequentFlierDB\apache-tomcat-10.0.23 (Server)\webapps\ROOT] has finished in [951] ms
27-May-2024 13:32:50.729 INFO [main] org.apache.catalina.startup.HostConfig.deployDirectory Deploying web application directory [C:\Users\Chidera\Documents\GitHub\FrequentFlierDB\apache-tomcat-10.0.23 (Server)\webapps\ServletTest]
27-May-2024 13:32:51.796 INFO [main] org.apache.jasper.servlet.TldScanner.scanJars At least one JAR was scanned for TLDs yet contained no TLDs. Enable debug logging for this logger for a complete list of JARs that were scanned but no TLDs were found in them. Skipping unneeded JARs during scanning can improve startup time and JSP compilation time.
27-May-2024 13:32:51.804 INFO [main] org.apache.catalina.startup.HostConfig.deployDirectory Deployment of web application directory [C:\Users\Chidera\Documents\GitHub\FrequentFlierDB\apache-tomcat-10.0.23 (Server)\webapps\ServletTest] has finished in [1,074] ms
27-May-2024 13:32:51.808 INFO [main] org.apache.coyote.AbstractProtocol.start Starting ProtocolHandler ["http-nio-8080"]
27-May-2024 13:32:51.866 INFO [main] org.apache.catalina.startup.Catalina.start Server startup in [10317] milliseconds
