20-May-2024 12:54:33.317 INFO [main] org.apache.catalina.startup.VersionLoggerListener.log Server version name:   Apache Tomcat/10.0.23
20-May-2024 12:54:33.322 INFO [main] org.apache.catalina.startup.VersionLoggerListener.log Server built:          Jul 14 2022 08:16:11 UTC
20-May-2024 12:54:33.322 INFO [main] org.apache.catalina.startup.VersionLoggerListener.log Server version number: 10.0.23.0
20-May-2024 12:54:33.323 INFO [main] org.apache.catalina.startup.VersionLoggerListener.log OS Name:               Windows 10
20-May-2024 12:54:33.323 INFO [main] org.apache.catalina.startup.VersionLoggerListener.log OS Version:            10.0
20-May-2024 12:54:33.323 INFO [main] org.apache.catalina.startup.VersionLoggerListener.log Architecture:          amd64
20-May-2024 12:54:33.323 INFO [main] org.apache.catalina.startup.VersionLoggerListener.log Java Home:             C:\Program Files\Java\jdk-18
20-May-2024 12:54:33.324 INFO [main] org.apache.catalina.startup.VersionLoggerListener.log JVM Version:           18+36-2087
20-May-2024 12:54:33.324 INFO [main] org.apache.catalina.startup.VersionLoggerListener.log JVM Vendor:            Oracle Corporation
20-May-2024 12:54:33.324 INFO [main] org.apache.catalina.startup.VersionLoggerListener.log CATALINA_BASE:         C:\Users\Chidera\Desktop\apache-tomcat-10.0.23
20-May-2024 12:54:33.324 INFO [main] org.apache.catalina.startup.VersionLoggerListener.log CATALINA_HOME:         C:\Users\Chidera\Desktop\apache-tomcat-10.0.23
20-May-2024 12:54:33.346 INFO [main] org.apache.catalina.startup.VersionLoggerListener.log Command line argument: --add-opens=java.base/java.lang=ALL-UNNAMED
20-May-2024 12:54:33.347 INFO [main] org.apache.catalina.startup.VersionLoggerListener.log Command line argument: --add-opens=java.base/java.io=ALL-UNNAMED
20-May-2024 12:54:33.347 INFO [main] org.apache.catalina.startup.VersionLoggerListener.log Command line argument: --add-opens=java.base/java.util=ALL-UNNAMED
20-May-2024 12:54:33.347 INFO [main] org.apache.catalina.startup.VersionLoggerListener.log Command line argument: --add-opens=java.base/java.util.concurrent=ALL-UNNAMED
20-May-2024 12:54:33.347 INFO [main] org.apache.catalina.startup.VersionLoggerListener.log Command line argument: --add-opens=java.rmi/sun.rmi.transport=ALL-UNNAMED
20-May-2024 12:54:33.348 INFO [main] org.apache.catalina.startup.VersionLoggerListener.log Command line argument: -Djava.util.logging.config.file=C:\Users\Chidera\Desktop\apache-tomcat-10.0.23\conf\logging.properties
20-May-2024 12:54:33.349 INFO [main] org.apache.catalina.startup.VersionLoggerListener.log Command line argument: -Djava.util.logging.manager=org.apache.juli.ClassLoaderLogManager
20-May-2024 12:54:33.349 INFO [main] org.apache.catalina.startup.VersionLoggerListener.log Command line argument: -Djdk.tls.ephemeralDHKeySize=2048
20-May-2024 12:54:33.350 INFO [main] org.apache.catalina.startup.VersionLoggerListener.log Command line argument: -Djava.protocol.handler.pkgs=org.apache.catalina.webresources
20-May-2024 12:54:33.351 INFO [main] org.apache.catalina.startup.VersionLoggerListener.log Command line argument: -Dignore.endorsed.dirs=
20-May-2024 12:54:33.351 INFO [main] org.apache.catalina.startup.VersionLoggerListener.log Command line argument: -Dcatalina.base=C:\Users\Chidera\Desktop\apache-tomcat-10.0.23
20-May-2024 12:54:33.352 INFO [main] org.apache.catalina.startup.VersionLoggerListener.log Command line argument: -Dcatalina.home=C:\Users\Chidera\Desktop\apache-tomcat-10.0.23
20-May-2024 12:54:33.352 INFO [main] org.apache.catalina.startup.VersionLoggerListener.log Command line argument: -Djava.io.tmpdir=C:\Users\Chidera\Desktop\apache-tomcat-10.0.23\temp
20-May-2024 12:54:33.393 INFO [main] org.apache.catalina.core.AprLifecycleListener.lifecycleEvent The Apache Tomcat Native library which allows using OpenSSL was not found on the java.library.path: [C:\Program Files\Java\jdk-18\bin;C:\Windows\Sun\Java\bin;C:\Windows\system32;C:\Windows;C:\Program Files\Common Files\Oracle\Java\javapath;C:\Windows\system32;C:\Windows;C:\Windows\System32\Wbem;C:\Windows\System32\WindowsPowerShell\v1.0\;C:\Windows\System32\OpenSSH\;C:\Program Files\NVIDIA Corporation\NVIDIA NvDLISR;C:\Program Files (x86)\NVIDIA Corporation\PhysX\Common;D:\Program Files\nodejs\;C:\Program Files\PuTTY\;C:\Program Files\Microsoft SQL Server\150\Tools\Binn\;C:\Program Files\Microsoft SQL Server\Client SDK\ODBC\170\Tools\Binn\;C:\Program Files\dotnet\;C:\Users\Chidera\AppData\Local\Programs\Python\Python310\Scripts\;C:\Users\Chidera\AppData\Local\Programs\Python\Python310\;C:\Users\Chidera\AppData\Local\Microsoft\WindowsApps;C:\PATH_Programs;C:\Users\Chidera\AppData\Local\GitHubDesktop\bin;C:\Users\Chidera\AppData\Roaming\npm;C:\Users\Chidera\AppData\Local\Programs\Microsoft VS Code\bin;C:\cygwin64\bin;C:\Users\Chidera\.dotnet\tools;C:\Program Files\ISC BIND 9\bin;;.]
20-May-2024 12:54:33.789 INFO [main] org.apache.coyote.AbstractProtocol.init Initializing ProtocolHandler ["http-nio-8080"]
20-May-2024 12:54:33.817 INFO [main] org.apache.catalina.startup.Catalina.load Server initialization in [748] milliseconds
20-May-2024 12:54:33.865 INFO [main] org.apache.catalina.core.StandardService.startInternal Starting service [Catalina]
20-May-2024 12:54:33.866 INFO [main] org.apache.catalina.core.StandardEngine.startInternal Starting Servlet engine: [Apache Tomcat/10.0.23]
20-May-2024 12:54:33.878 INFO [main] org.apache.catalina.startup.HostConfig.deployDirectory Deploying web application directory [C:\Users\Chidera\Desktop\apache-tomcat-10.0.23\webapps\docs]
20-May-2024 12:54:35.038 INFO [main] org.apache.jasper.servlet.TldScanner.scanJars At least one JAR was scanned for TLDs yet contained no TLDs. Enable debug logging for this logger for a complete list of JARs that were scanned but no TLDs were found in them. Skipping unneeded JARs during scanning can improve startup time and JSP compilation time.
20-May-2024 12:54:35.139 INFO [main] org.apache.catalina.startup.HostConfig.deployDirectory Deployment of web application directory [C:\Users\Chidera\Desktop\apache-tomcat-10.0.23\webapps\docs] has finished in [1,261] ms
20-May-2024 12:54:35.140 INFO [main] org.apache.catalina.startup.HostConfig.deployDirectory Deploying web application directory [C:\Users\Chidera\Desktop\apache-tomcat-10.0.23\webapps\examples]
20-May-2024 12:54:36.941 INFO [main] org.apache.jasper.servlet.TldScanner.scanJars At least one JAR was scanned for TLDs yet contained no TLDs. Enable debug logging for this logger for a complete list of JARs that were scanned but no TLDs were found in them. Skipping unneeded JARs during scanning can improve startup time and JSP compilation time.
20-May-2024 12:54:37.068 INFO [main] org.apache.catalina.startup.HostConfig.deployDirectory Deployment of web application directory [C:\Users\Chidera\Desktop\apache-tomcat-10.0.23\webapps\examples] has finished in [1,928] ms
20-May-2024 12:54:37.069 INFO [main] org.apache.catalina.startup.HostConfig.deployDirectory Deploying web application directory [C:\Users\Chidera\Desktop\apache-tomcat-10.0.23\webapps\firstJSP]
20-May-2024 12:54:37.809 INFO [main] org.apache.jasper.servlet.TldScanner.scanJars At least one JAR was scanned for TLDs yet contained no TLDs. Enable debug logging for this logger for a complete list of JARs that were scanned but no TLDs were found in them. Skipping unneeded JARs during scanning can improve startup time and JSP compilation time.
20-May-2024 12:54:37.821 INFO [main] org.apache.catalina.startup.HostConfig.deployDirectory Deployment of web application directory [C:\Users\Chidera\Desktop\apache-tomcat-10.0.23\webapps\firstJSP] has finished in [751] ms
20-May-2024 12:54:37.821 INFO [main] org.apache.catalina.startup.HostConfig.deployDirectory Deploying web application directory [C:\Users\Chidera\Desktop\apache-tomcat-10.0.23\webapps\frequentflier]
20-May-2024 12:54:38.685 INFO [main] org.apache.jasper.servlet.TldScanner.scanJars At least one JAR was scanned for TLDs yet contained no TLDs. Enable debug logging for this logger for a complete list of JARs that were scanned but no TLDs were found in them. Skipping unneeded JARs during scanning can improve startup time and JSP compilation time.
20-May-2024 12:54:38.694 INFO [main] org.apache.catalina.startup.HostConfig.deployDirectory Deployment of web application directory [C:\Users\Chidera\Desktop\apache-tomcat-10.0.23\webapps\frequentflier] has finished in [873] ms
20-May-2024 12:54:38.695 INFO [main] org.apache.catalina.startup.HostConfig.deployDirectory Deploying web application directory [C:\Users\Chidera\Desktop\apache-tomcat-10.0.23\webapps\host-manager]
20-May-2024 12:54:39.519 INFO [main] org.apache.jasper.servlet.TldScanner.scanJars At least one JAR was scanned for TLDs yet contained no TLDs. Enable debug logging for this logger for a complete list of JARs that were scanned but no TLDs were found in them. Skipping unneeded JARs during scanning can improve startup time and JSP compilation time.
20-May-2024 12:54:39.549 INFO [main] org.apache.catalina.startup.HostConfig.deployDirectory Deployment of web application directory [C:\Users\Chidera\Desktop\apache-tomcat-10.0.23\webapps\host-manager] has finished in [854] ms
20-May-2024 12:54:39.550 INFO [main] org.apache.catalina.startup.HostConfig.deployDirectory Deploying web application directory [C:\Users\Chidera\Desktop\apache-tomcat-10.0.23\webapps\manager]
20-May-2024 12:54:40.377 INFO [main] org.apache.jasper.servlet.TldScanner.scanJars At least one JAR was scanned for TLDs yet contained no TLDs. Enable debug logging for this logger for a complete list of JARs that were scanned but no TLDs were found in them. Skipping unneeded JARs during scanning can improve startup time and JSP compilation time.
20-May-2024 12:54:40.384 INFO [main] org.apache.catalina.startup.HostConfig.deployDirectory Deployment of web application directory [C:\Users\Chidera\Desktop\apache-tomcat-10.0.23\webapps\manager] has finished in [834] ms
20-May-2024 12:54:40.385 INFO [main] org.apache.catalina.startup.HostConfig.deployDirectory Deploying web application directory [C:\Users\Chidera\Desktop\apache-tomcat-10.0.23\webapps\ROOT]
20-May-2024 12:54:41.147 INFO [main] org.apache.jasper.servlet.TldScanner.scanJars At least one JAR was scanned for TLDs yet contained no TLDs. Enable debug logging for this logger for a complete list of JARs that were scanned but no TLDs were found in them. Skipping unneeded JARs during scanning can improve startup time and JSP compilation time.
20-May-2024 12:54:41.155 INFO [main] org.apache.catalina.startup.HostConfig.deployDirectory Deployment of web application directory [C:\Users\Chidera\Desktop\apache-tomcat-10.0.23\webapps\ROOT] has finished in [770] ms
20-May-2024 12:54:41.156 INFO [main] org.apache.catalina.startup.HostConfig.deployDirectory Deploying web application directory [C:\Users\Chidera\Desktop\apache-tomcat-10.0.23\webapps\ServletTest]
20-May-2024 12:54:41.993 INFO [main] org.apache.jasper.servlet.TldScanner.scanJars At least one JAR was scanned for TLDs yet contained no TLDs. Enable debug logging for this logger for a complete list of JARs that were scanned but no TLDs were found in them. Skipping unneeded JARs during scanning can improve startup time and JSP compilation time.
20-May-2024 12:54:42.000 INFO [main] org.apache.catalina.startup.HostConfig.deployDirectory Deployment of web application directory [C:\Users\Chidera\Desktop\apache-tomcat-10.0.23\webapps\ServletTest] has finished in [844] ms
20-May-2024 12:54:42.003 INFO [main] org.apache.coyote.AbstractProtocol.start Starting ProtocolHandler ["http-nio-8080"]
20-May-2024 12:54:42.058 INFO [main] org.apache.catalina.startup.Catalina.start Server startup in [8239] milliseconds
